\BOOKMARK [1][-]{section.1}{\376\377\137\025\212\000}{}% 1
\BOOKMARK [2][-]{subsection.1.1}{\376\377\116\073\211\201\215\041\163\056}{section.1}% 2
\BOOKMARK [1][-]{section.2}{\376\377\166\370\121\163\135\345\117\134}{}% 3
\BOOKMARK [2][-]{subsection.2.1}{\376\377\121\145\117\265\150\300\155\113\174\373\176\337\170\024\172\166}{section.2}% 4
\BOOKMARK [2][-]{subsection.2.2}{\376\377\154\333\123\026\200\375\122\233\116\016\163\260\116\343\155\361\136\246\000\040\000I\000D\000S}{section.2}% 5
\BOOKMARK [2][-]{subsection.2.3}{\376\377\234\201\150\322\140\047\060\001\137\000\145\076\226\306\150\300\155\113\116\016\215\350\145\160\143\156\226\306\213\304\117\060}{section.2}% 6
\BOOKMARK [2][-]{subsection.2.4}{\376\377\133\371\142\227\147\072\126\150\133\146\116\140\127\372\170\100}{section.2}% 7
\BOOKMARK [2][-]{subsection.2.5}{\376\377\133\371\142\227\137\072\123\026\133\146\116\140\116\016\000\040\000S\000t\000a\000c\000k\000e\000l\000b\000e\000r\000g\000\040\123\132\137\010}{section.2}% 8
\BOOKMARK [1][-]{section.3}{\376\377\145\271\154\325}{}% 9
\BOOKMARK [2][-]{subsection.3.1}{\376\377\132\001\200\301\152\041\127\213}{section.3}% 10
\BOOKMARK [2][-]{subsection.3.2}{\376\377\225\356\230\230\137\142\137\017\123\026}{section.3}% 11
\BOOKMARK [2][-]{subsection.3.3}{\376\377\131\126\122\261\121\375\145\160}{section.3}% 12
\BOOKMARK [3][-]{subsubsection.3.3.1}{\376\377\145\073\121\373\200\005\131\126\122\261}{subsection.3.3}% 13
\BOOKMARK [3][-]{subsubsection.3.3.2}{\376\377\226\062\137\241\200\005\131\126\122\261}{subsection.3.3}% 14
\BOOKMARK [2][-]{subsection.3.4}{\376\377\127\372\116\216\000\040\000P\000P\000O\000\040\166\204\173\126\165\145\117\030\123\026}{section.3}% 15
\BOOKMARK [2][-]{subsection.3.5}{\376\377\123\314\134\102\117\030\123\026\173\227\154\325}{section.3}% 16
\BOOKMARK [3][-]{subsubsection.3.5.1}{\376\377\121\205\134\102\377\032\145\073\121\373\200\005\220\074\217\321\147\000\117\030\124\315\136\224}{subsection.3.5}% 17
\BOOKMARK [3][-]{subsubsection.3.5.2}{\376\377\131\026\134\102\377\032\226\062\137\241\200\005\234\201\150\322\123\026}{subsection.3.5}% 18
\BOOKMARK [2][-]{subsection.3.6}{\376\377\000B\000i\000A\000T\000\040\150\106\147\266\377\032\123\314\134\102\133\371\142\227\213\255\176\303\124\021\166\321\167\143\137\017\150\300\155\113\126\150\166\204\217\301\171\373}{section.3}% 19
\BOOKMARK [2][-]{subsection.3.7}{\376\377\164\006\213\272\122\006\147\220}{section.3}% 20
\BOOKMARK [1][-]{section.4}{\376\377\133\236\232\214}{}% 21
\BOOKMARK [2][-]{subsection.4.1}{\376\377\133\236\232\214\213\276\177\156}{section.4}% 22
\BOOKMARK [3][-]{subsubsection.4.1.1}{\376\377\145\160\143\156\226\306}{subsection.4.1}% 23
\BOOKMARK [3][-]{subsubsection.4.1.2}{\376\377\133\371\153\324\127\372\176\277}{subsection.4.1}% 24
\BOOKMARK [3][-]{subsubsection.4.1.3}{\376\377\213\255\176\303\176\306\202\202}{subsection.4.1}% 25
\BOOKMARK [2][-]{subsection.4.2}{\376\377\213\304\155\113\143\007\150\007}{section.4}% 26
\BOOKMARK [2][-]{subsection.4.3}{\376\377\116\073\176\323\147\234}{section.4}% 27
\BOOKMARK [3][-]{subsubsection.4.3.1}{\376\377\000N\000S\000L\000-\000K\000D\000D}{subsection.4.3}% 28
\BOOKMARK [3][-]{subsubsection.4.3.2}{\376\377\000U\000N\000S\000W\000-\000N\000B\0001\0005}{subsection.4.3}% 29
\BOOKMARK [3][-]{subsubsection.4.3.3}{\376\377\000C\000I\000C\000-\000I\000D\000S\0002\0000\0001\0007}{subsection.4.3}% 30
\BOOKMARK [2][-]{subsection.4.4}{\376\377\155\210\207\215\133\236\232\214}{section.4}% 31
\BOOKMARK [2][-]{subsection.4.5}{\376\377\133\371\142\227\234\201\150\322\140\047\122\006\147\220}{section.4}% 32
\BOOKMARK [2][-]{subsection.4.6}{\376\377\215\205\123\302\145\160\145\117\141\037\140\047\122\006\147\220}{section.4}% 33
\BOOKMARK [2][-]{subsection.4.7}{\376\377\176\337\213\241\146\076\204\127\140\047}{section.4}% 34
\BOOKMARK [2][-]{subsection.4.8}{\376\377\213\250\213\272}{section.4}% 35
\BOOKMARK [1][-]{section.5}{\376\377\176\323\213\272}{}% 36
